Start testing: Dec 31 01:17 ????????? (????)
----------------------------------------------------------
1/1 Testing: StandartTests
1/1 Test: StandartTests
Command: "C:/Users/User/Documents/VS Projects/STLExercises/build/test/StandartTests.exe"
Directory: C:/Users/User/Documents/VS Projects/STLExercises/build/test
"StandartTests" start time: Dec 31 01:17 ????????? (????)
Output:
----------------------------------------------------------
Running main() from C:\Users\User\Documents\VS Projects\STLExercises\googletest\googletest\src\gtest_main.cc
[==========] Running 2 tests from 1 test suite.
[----------] Global test environment set-up.
[----------] 2 tests from STLExercises
[ RUN      ] STLExercises.TestMacrosCollection
[       OK ] STLExercises.TestMacrosCollection (0 ms)
[ RUN      ] STLExercises.MAC
[       OK ] STLExercises.MAC (0 ms)
[----------] 2 tests from STLExercises (0 ms total)

[----------] Global test environment tear-down
[==========] 2 tests from 1 test suite ran. (0 ms total)
[  PASSED  ] 2 tests.
<end of output>
Test time =   0.05 sec
----------------------------------------------------------
Test Passed.
"StandartTests" end time: Dec 31 01:17 ????????? (????)
"StandartTests" time elapsed: 00:00:00
----------------------------------------------------------

End testing: Dec 31 01:17 ????????? (????)
