<?xml version="1.0" encoding="UTF-8"?>
<Site BuildName="(empty)"
	BuildStamp="20221227-1741-Experimental"
	Name="(empty)"
	Generator="ctest-3.25.1"
	CompilerName=""
	CompilerVersion=""
	OSName="Windows"
	Hostname="DESKTOP-8DBJDJP"
	OSRelease=" Personal"
	OSVersion=" (Build 19045)"
	OSPlatform="AMD64"
	Is64Bits="1"
	VendorString="GenuineIntel"
	VendorID="Intel Corporation"
	FamilyID="6"
	ModelID="14"
	ProcessorCacheSize="-1"
	NumberOfLogicalCPU="8"
	NumberOfPhysicalCPU="4"
	TotalVirtualMemory="10029"
	TotalPhysicalMemory="8074"
	LogicalProcessorsPerPhysical="2"
	ProcessorClockFrequency="1800"
	>
	<Testing>
		<StartDateTime>Dec 27 21:21 ????????? (????)</StartDateTime>
		<StartTestTime>1672168890</StartTestTime>
		<TestList>
			<Test>./test/StandartTests</Test>
		</TestList>
		<Test Status="failed">
			<Name>StandartTests</Name>
			<Path>./test</Path>
			<FullName>./test/StandartTests</FullName>
			<FullCommandLine>"C:\Users\User\Documents\VS Projects\STLExercises\build\test\StandartTests.exe"</FullCommandLine>
			<Results>
				<NamedMeasurement type="text/string" name="Exit Code">
					<Value>Failed</Value>
				</NamedMeasurement>
				<NamedMeasurement type="text/string" name="Exit Value">
					<Value>1</Value>
				</NamedMeasurement>
				<NamedMeasurement type="numeric/double" name="Execution Time">
					<Value>0.0395865</Value>
				</NamedMeasurement>
				<NamedMeasurement type="numeric/double" name="Processors">
					<Value>1</Value>
				</NamedMeasurement>
				<NamedMeasurement type="text/string" name="Completion Status">
					<Value>Completed</Value>
				</NamedMeasurement>
				<NamedMeasurement type="text/string" name="Command Line">
					<Value>"C:\Users\User\Documents\VS Projects\STLExercises\build\test\StandartTests.exe"</Value>
				</NamedMeasurement>
				<NamedMeasurement type="text/string" name="Environment">
					<Value>#CTEST_RESOURCE_GROUP_COUNT=</Value>
				</NamedMeasurement>
				<Measurement>
					<Value encoding="base64" compression="gzip">eJyVUlFPwjAQfu+vuEeWwIJEE7PEB4JgjKKGoT4wYko5R7VrsdcK/ns7ZggjSvAeltvdd/3u+9qR11rqHAoudSOCV2sK6CXZI6GlzTe7NMIXqB1lTyk8WPOGIuTp+La/RiskIWW5MblCh+R2U7Iiy8vspTw8FoJNLrYxhdEPcwdKDFXUJ5sfIC8dxmzS2sYUrpSZcVX1UX9Ka3S5FhC6ll/ugWuH7u7KJjB6vINNTGudeBwmhlxYQz2jVFApjQ7wKu5vjoFDow0FRQdIht0e+7e/GzuHwcSSk2KxXCaddgIDLpW3yPrrZZjBOeCH50q6LzCv4BZICJ9ceaSEAQTixrr51SRfRKxc7HkhxQIkJXB6dh4qobFXD+WB15WwuQlWr4x9Lx0ZdK9v+5e/adsacNRlVGhwxnEVseOu2yG3rblZ6fpr+vMVgeU6rhMFBQ/dNK0UVNi4LqsqNkFJKn2doTKr5LByxsLUT3vcT8fsGwDBEps=</Value>
				</Measurement>
			</Results>
		</Test>
		<EndDateTime>Dec 27 21:21 ????????? (????)</EndDateTime>
		<EndTestTime>1672168890</EndTestTime>
		<ElapsedMinutes>0</ElapsedMinutes>
	</Testing>
</Site>
